[debug] [2022-07-28T17:40:49.422Z] ----------------------------------------------------------------------
[debug] [2022-07-28T17:40:49.423Z] Command:       C:\Program Files\nodejs\node.exe C:\Users\AJTS_\AppData\Roaming\npm\node_modules\firebase-tools\lib\bin\firebase.js init
[debug] [2022-07-28T17:40:49.423Z] CLI Version:   11.4.0
[debug] [2022-07-28T17:40:49.424Z] Platform:      win32
[debug] [2022-07-28T17:40:49.424Z] Node Version:  v16.14.2
[debug] [2022-07-28T17:40:49.424Z] Time:          Thu Jul 28 2022 13:40:49 GMT-0400 (Venezuela Time)
[debug] [2022-07-28T17:40:49.425Z] ----------------------------------------------------------------------
[debug] 
[debug] [2022-07-28T17:40:49.427Z] >>> [apiv2][query] GET https://firebase-public.firebaseio.com/cli.json [none]
[debug] [2022-07-28T17:40:49.444Z] > command requires scopes: ["email","openid","https://www.googleapis.com/auth/cloudplatformprojects.readonly","https://www.googleapis.com/auth/firebase","https://www.googleapis.com/auth/cloud-platform"]
[debug] [2022-07-28T17:40:49.445Z] > authorizing via signed-in user (tovi61xd@gmail.com)
[info] 
     ######## #### ########  ######## ########     ###     ######  ########
     ##        ##  ##     ## ##       ##     ##  ##   ##  ##       ##
     ######    ##  ########  ######   ########  #########  ######  ######
     ##        ##  ##    ##  ##       ##     ## ##     ##       ## ##
     ##       #### ##     ## ######## ########  ##     ##  ######  ########

You're about to initialize a Firebase project in this directory:

  C:\Users\AJTS_\source\repos\armandojosetovarsalas

[debug] [2022-07-28T17:40:49.672Z] <<< [apiv2][status] GET https://firebase-public.firebaseio.com/cli.json 200
[debug] [2022-07-28T17:40:49.672Z] <<< [apiv2][body] GET https://firebase-public.firebaseio.com/cli.json {"cloudBuildErrorAfter":1594252800000,"cloudBuildWarnAfter":1590019200000,"defaultNode10After":1594252800000,"minVersion":"3.0.5","node8DeploysDisabledAfter":1613390400000,"node8RuntimeDisabledAfter":1615809600000,"node8WarnAfter":1600128000000}
